<?xml version="1.0" encoding="UTF-8"?>
<testng-results ignored="0" total="2" passed="2" failed="0" skipped="0">
  <reporter-output>
  </reporter-output>
  <suite started-at="2025-05-01T15:37:42 IST" name="Master Suite" finished-at="2025-05-01T15:37:58 IST" duration-ms="15085">
    <groups>
      <group name="Master">
        <method signature="TC001_AccountRegistrationTest.Verify_accoun_Registration()[pri:0, instance:testCases.TC001_AccountRegistrationTest@4b40f651]" name="Verify_accoun_Registration" class="testCases.TC001_AccountRegistrationTest"/>
        <method signature="TC002_LoginTest.verify_login()[pri:0, instance:testCases.TC002_LoginTest@5ce8d869]" name="verify_login" class="testCases.TC002_LoginTest"/>
      </group> <!-- Master -->
      <group name="Sanity">
        <method signature="TC002_LoginTest.verify_login()[pri:0, instance:testCases.TC002_LoginTest@5ce8d869]" name="verify_login" class="testCases.TC002_LoginTest"/>
      </group> <!-- Sanity -->
      <group name="Regression">
        <method signature="TC001_AccountRegistrationTest.Verify_accoun_Registration()[pri:0, instance:testCases.TC001_AccountRegistrationTest@4b40f651]" name="Verify_accoun_Registration" class="testCases.TC001_AccountRegistrationTest"/>
      </group> <!-- Regression -->
    </groups>
    <test started-at="2025-05-01T15:37:42 IST" name="Test" finished-at="2025-05-01T15:37:58 IST" duration-ms="15085">
      <class name="testCases.TC002_LoginTest">
        <test-method is-config="true" signature="setup(java.lang.String,java.lang.String)[pri:0, instance:testCases.TC002_LoginTest@5ce8d869]" started-at="2025-05-01T15:37:51 IST" name="setup" finished-at="2025-05-01T15:37:53 IST" duration-ms="2445" status="PASS">
          <params>
            <param index="0">
              <value>
                <![CDATA[Windows]]>
              </value>
            </param>
            <param index="1">
              <value>
                <![CDATA[chrome]]>
              </value>
            </param>
          </params>
          <reporter-output>
          </reporter-output>
        </test-method> <!-- setup -->
        <test-method signature="verify_login()[pri:0, instance:testCases.TC002_LoginTest@5ce8d869]" started-at="2025-05-01T15:37:53 IST" name="verify_login" finished-at="2025-05-01T15:37:57 IST" duration-ms="3598" status="PASS">
          <reporter-output>
          </reporter-output>
        </test-method> <!-- verify_login -->
        <test-method is-config="true" signature="teardown()[pri:0, instance:testCases.TC002_LoginTest@5ce8d869]" started-at="2025-05-01T15:37:57 IST" name="teardown" finished-at="2025-05-01T15:37:58 IST" duration-ms="500" status="PASS">
          <reporter-output>
          </reporter-output>
        </test-method> <!-- teardown -->
      </class> <!-- testCases.TC002_LoginTest -->
      <class name="testCases.TC001_AccountRegistrationTest">
        <test-method is-config="true" signature="setup(java.lang.String,java.lang.String)[pri:0, instance:testCases.TC001_AccountRegistrationTest@4b40f651]" started-at="2025-05-01T15:37:43 IST" name="setup" finished-at="2025-05-01T15:37:46 IST" duration-ms="3056" status="PASS">
          <params>
            <param index="0">
              <value>
                <![CDATA[Windows]]>
              </value>
            </param>
            <param index="1">
              <value>
                <![CDATA[chrome]]>
              </value>
            </param>
          </params>
          <reporter-output>
          </reporter-output>
        </test-method> <!-- setup -->
        <test-method signature="Verify_accoun_Registration()[pri:0, instance:testCases.TC001_AccountRegistrationTest@4b40f651]" started-at="2025-05-01T15:37:46 IST" name="Verify_accoun_Registration" finished-at="2025-05-01T15:37:50 IST" duration-ms="4500" status="PASS">
          <reporter-output>
          </reporter-output>
        </test-method> <!-- Verify_accoun_Registration -->
        <test-method is-config="true" signature="teardown()[pri:0, instance:testCases.TC001_AccountRegistrationTest@4b40f651]" started-at="2025-05-01T15:37:50 IST" name="teardown" finished-at="2025-05-01T15:37:51 IST" duration-ms="745" status="PASS">
          <reporter-output>
          </reporter-output>
        </test-method> <!-- teardown -->
      </class> <!-- testCases.TC001_AccountRegistrationTest -->
    </test> <!-- Test -->
  </suite> <!-- Master Suite -->
</testng-results>
